<?xml version="1.0" encoding="UTF-8"?>
<!-- Generated by org.testng.reporters.JUnitReportReporter -->
<testsuite hostname="ANIL" failures="0" tests="5" name="invocationcount.demo" time="0.029" errors="0" timestamp="2023-07-08T11:03:18 IST" skipped="0">
  <testcase classname="invocationcount.demo" name="loop" time="0.003"/>
  <testcase classname="invocationcount.demo" name="loop" time="0.005"/>
  <testcase classname="invocationcount.demo" name="loop" time="0.011"/>
  <testcase classname="invocationcount.demo" name="loop" time="0.004"/>
  <testcase classname="invocationcount.demo" name="loop" time="0.006"/>
</testsuite> <!-- invocationcount.demo -->
