<?xml version="1.0" encoding="UTF-8"?>
<!-- Generated by org.testng.reporters.JUnitReportReporter -->
<testsuite hostname="ANIL" failures="0" tests="3" name="groups_keyword.demo3" time="0.013" errors="0" timestamp="2023-07-07T14:50:59 IST" skipped="0">
  <testcase classname="groups_keyword.demo3" name="x" time="0.006"/>
  <testcase classname="groups_keyword.demo3" name="z" time="0.002"/>
  <testcase classname="groups_keyword.demo3" name="y" time="0.005"/>
</testsuite> <!-- groups_keyword.demo3 -->
