<?xml version="1.0" encoding="UTF-8"?>
<!-- Generated by org.testng.reporters.JUnitReportReporter -->
<testsuite hostname="ANIL" failures="0" tests="1" name="paramenterization.test" time="0.013" errors="0" timestamp="2023-07-07T14:50:17 IST" skipped="0">
  <testcase classname="paramenterization.test" name="sum" time="0.013"/>
</testsuite> <!-- paramenterization.test -->
