<?xml version="1.0" encoding="UTF-8"?>
<!-- Generated by org.testng.reporters.JUnitReportReporter -->
<testsuite hostname="ANIL" failures="0" tests="1" name="assertions.hardassert2" time="0.182" errors="0" timestamp="2023-07-08T11:54:45 IST" skipped="0">
  <testcase classname="assertions.hardassert2" name="logindetails" time="0.182"/>
</testsuite> <!-- assertions.hardassert2 -->
