<?xml version="1.0" encoding="UTF-8"?>
<!-- Generated by org.testng.reporters.JUnitReportReporter -->
<testsuite hostname="ANIL" failures="0" tests="2" name="TestNg.prioritytest" time="0.982" errors="0" timestamp="2023-07-09T16:56:05 IST" skipped="0">
  <testcase classname="TestNg.prioritytest" name="open" time="0.938"/>
  <testcase classname="TestNg.prioritytest" name="verifytext" time="0.044"/>
</testsuite> <!-- TestNg.prioritytest -->
