<?xml version="1.0" encoding="UTF-8"?>
<!-- Generated by org.testng.reporters.JUnitReportReporter -->
<testsuite hostname="ANIL" failures="0" tests="2" name="groups_keyword.demo2" time="0.009" errors="0" timestamp="2023-07-07T14:50:59 IST" skipped="0">
  <testcase classname="groups_keyword.demo2" name="q" time="0.005"/>
  <testcase classname="groups_keyword.demo2" name="p" time="0.004"/>
</testsuite> <!-- groups_keyword.demo2 -->
