<?xml version="1.0" encoding="UTF-8"?>
<!-- Generated by org.testng.reporters.JUnitReportReporter -->
<testsuite hostname="ANIL" failures="0" tests="2" name="group2.test2" time="0.011" errors="0" timestamp="2023-07-10T15:46:28 IST" skipped="0">
  <testcase classname="group2.test2" name="f" time="0.008"/>
  <testcase classname="group2.test2" name="d" time="0.003"/>
</testsuite> <!-- group2.test2 -->
