<?xml version="1.0" encoding="UTF-8"?>
<!-- Generated by org.testng.reporters.JUnitReportReporter -->
<testsuite hostname="ANIL" failures="0" tests="5" name="dataprovider.demo2" time="92.398" errors="0" timestamp="2023-07-12T14:10:08 IST" skipped="0">
  <testcase classname="dataprovider.demo2" name="penpage" time="14.244"/>
  <testcase classname="dataprovider.demo2" name="penpage" time="24.803"/>
  <testcase classname="dataprovider.demo2" name="penpage" time="17.193"/>
  <testcase classname="dataprovider.demo2" name="penpage" time="21.748"/>
  <testcase classname="dataprovider.demo2" name="penpage" time="14.410"/>
</testsuite> <!-- dataprovider.demo2 -->
