<?xml version="1.0" encoding="UTF-8"?>
<!-- Generated by org.testng.reporters.JUnitReportReporter -->
<testsuite hostname="ANIL" failures="0" tests="2" name="TestNg.expectesdexception" time="0.005" errors="0" timestamp="2023-07-09T16:56:05 IST" skipped="0">
  <testcase classname="TestNg.expectesdexception" name="a" time="0.003"/>
  <testcase classname="TestNg.expectesdexception" name="b" time="0.002"/>
</testsuite> <!-- TestNg.expectesdexception -->
