<?xml version="1.0" encoding="UTF-8"?>
<!-- Generated by org.testng.reporters.JUnitReportReporter -->
<testsuite hostname="ANIL" failures="0" tests="3" name="TestNg.prioritytest2" time="28.179" errors="0" timestamp="2023-07-09T16:56:05 IST" skipped="0">
  <testcase classname="TestNg.prioritytest2" name="verifytext1" time="9.429"/>
  <testcase classname="TestNg.prioritytest2" name="verifytext" time="10.384"/>
  <testcase classname="TestNg.prioritytest2" name="open" time="8.366"/>
</testsuite> <!-- TestNg.prioritytest2 -->
