<?xml version="1.0" encoding="UTF-8"?>
<!-- Generated by org.testng.reporters.JUnitReportReporter -->
<testsuite hostname="ANIL" failures="0" tests="5" name="TestNg.enable" time="0.007" errors="0" timestamp="2023-07-09T16:56:05 IST" skipped="2">
  <testcase classname="TestNg.enable" name="d" time="0.002"/>
  <testcase classname="TestNg.enable" name="a" time="0.003"/>
  <testcase classname="TestNg.enable" name="e" time="0.002"/>
  <testcase classname="TestNg.enable" name="b">
    <skipped/>
  </testcase> <!-- b -->
  <testcase classname="TestNg.enable" name="c">
    <skipped/>
  </testcase> <!-- c -->
</testsuite> <!-- TestNg.enable -->
