<?xml version="1.0" encoding="UTF-8"?>
<!-- Generated by org.testng.reporters.JUnitReportReporter -->
<testsuite hostname="ANIL" failures="0" tests="3" name="groups_keyword.demo1" time="0.015" errors="0" timestamp="2023-07-07T14:50:59 IST" skipped="0">
  <testcase classname="groups_keyword.demo1" name="b" time="0.003"/>
  <testcase classname="groups_keyword.demo1" name="c" time="0.002"/>
  <testcase classname="groups_keyword.demo1" name="a" time="0.010"/>
</testsuite> <!-- groups_keyword.demo1 -->
