<?xml version="1.0" encoding="UTF-8"?>
<!-- Generated by org.testng.reporters.JUnitReportReporter -->
<testsuite hostname="ANIL" failures="0" tests="1" name="paramenterization.usingwebsite" time="10.425" errors="0" timestamp="2023-07-08T12:59:18 IST" skipped="0">
  <testcase classname="paramenterization.usingwebsite" name="enterlogindetails" time="10.425"/>
</testsuite> <!-- paramenterization.usingwebsite -->
