<?xml version="1.0" encoding="UTF-8"?>
<!-- Generated by org.testng.reporters.JUnitReportReporter -->
<testsuite hostname="ANIL" failures="0" tests="2" name="TestNg.Annotation" time="0.013" errors="0" timestamp="2023-07-09T16:56:05 IST" skipped="0">
  <testcase classname="TestNg.Annotation" name="regester" time="0.004"/>
  <testcase classname="TestNg.Annotation" name="login" time="0.009"/>
</testsuite> <!-- TestNg.Annotation -->
