<?xml version="1.0" encoding="UTF-8"?>
<!-- Generated by org.testng.reporters.JUnitReportReporter -->
<testsuite hostname="ANIL" failures="0" tests="2" name="group2.test3" time="0.010" errors="0" timestamp="2023-07-10T15:46:28 IST" skipped="0">
  <testcase classname="group2.test3" name="h" time="0.003"/>
  <testcase classname="group2.test3" name="i" time="0.007"/>
</testsuite> <!-- group2.test3 -->
