<?xml version="1.0" encoding="UTF-8"?>
<!-- Generated by org.testng.reporters.JUnitReportReporter -->
<testsuite hostname="ANIL" failures="0" tests="3" name="TestNg.prioritytest3" time="0.822" errors="0" timestamp="2023-07-09T16:56:05 IST" skipped="0">
  <testcase classname="TestNg.prioritytest3" name="verifytext1" time="0.509"/>
  <testcase classname="TestNg.prioritytest3" name="verifytext" time="0.044"/>
  <testcase classname="TestNg.prioritytest3" name="open" time="0.269"/>
</testsuite> <!-- TestNg.prioritytest3 -->
