<?xml version="1.0" encoding="UTF-8"?>
<!-- Generated by org.testng.reporters.JUnitReportReporter -->
<testsuite hostname="ANIL" failures="0" tests="2" name="group2.test" time="0.021" errors="0" timestamp="2023-07-10T15:46:28 IST" skipped="0">
  <testcase classname="group2.test" name="a" time="0.015"/>
  <testcase classname="group2.test" name="b" time="0.006"/>
</testsuite> <!-- group2.test -->
