<?xml version="1.0" encoding="UTF-8"?>
<!-- Generated by org.testng.reporters.JUnitReportReporter -->
<testsuite hostname="ANIL" failures="0" tests="1" name="Test_package.brokenlinks" time="12.420" errors="0" timestamp="2023-07-29T14:33:42 IST" skipped="0">
  <testcase classname="Test_package.brokenlinks" name="printalllink" time="12.420"/>
</testsuite> <!-- Test_package.brokenlinks -->
