<?xml version="1.0" encoding="UTF-8"?>
<!-- Generated by org.testng.reporters.JUnitReportReporter -->
<testsuite hostname="ANIL" failures="0" tests="1" name="Test_package.Register_Test_class" time="32.609" errors="0" timestamp="2023-07-23T19:19:53 IST" skipped="0">
  <testcase classname="Test_package.Register_Test_class" name="registerpage" time="32.609"/>
</testsuite> <!-- Test_package.Register_Test_class -->
