<?xml version="1.0" encoding="UTF-8"?>
<!-- Generated by org.testng.reporters.JUnitReportReporter -->
<testsuite hostname="ANIL" failures="0" tests="1" name="Test_package.login_test_class" time="11.744" errors="0" timestamp="2023-07-23T19:59:59 IST" skipped="0">
  <testcase classname="Test_package.login_test_class" name="log_in" time="11.744"/>
</testsuite> <!-- Test_package.login_test_class -->
