<?xml version="1.0" encoding="UTF-8"?>
<!-- Generated by org.testng.reporters.JUnitReportReporter -->
<testsuite hostname="ANIL" failures="0" tests="5" name="Test_package.login_test_class_with_data_provider" time="47.396" errors="0" timestamp="2023-07-23T20:17:08 IST" skipped="0">
  <testcase classname="Test_package.login_test_class_with_data_provider" name="log_in" time="9.286"/>
  <testcase classname="Test_package.login_test_class_with_data_provider" name="log_in" time="7.594"/>
  <testcase classname="Test_package.login_test_class_with_data_provider" name="log_in" time="8.116"/>
  <testcase classname="Test_package.login_test_class_with_data_provider" name="log_in" time="8.027"/>
  <testcase classname="Test_package.login_test_class_with_data_provider" name="log_in" time="14.373"/>
</testsuite> <!-- Test_package.login_test_class_with_data_provider -->
