<?xml version="1.0" encoding="UTF-8"?>
<!-- Generated by org.testng.reporters.JUnitReportReporter -->
<testsuite hostname="ANIL" failures="0" tests="2" name="parametrization.demo" time="0.012" errors="0" timestamp="2023-07-09T17:10:24 IST" skipped="0">
  <testcase classname="parametrization.demo" name="sum" time="0.002"/>
  <testcase classname="parametrization.demo" name="div" time="0.010"/>
</testsuite> <!-- parametrization.demo -->
