<?xml version="1.0" encoding="UTF-8"?>
<!-- Generated by org.testng.reporters.JUnitReportReporter -->
<testsuite hostname="ANIL" failures="0" tests="6" name="groups.demo2" time="0.033" errors="0" timestamp="2023-07-09T16:47:26 IST" skipped="0">
  <testcase classname="groups.demo2" name="a" time="0.011"/>
  <testcase classname="groups.demo2" name="b" time="0.004"/>
  <testcase classname="groups.demo2" name="c" time="0.007"/>
  <testcase classname="groups.demo2" name="c" time="0.004"/>
  <testcase classname="groups.demo2" name="c" time="0.003"/>
  <testcase classname="groups.demo2" name="c" time="0.004"/>
</testsuite> <!-- groups.demo2 -->
