<?xml version="1.0" encoding="UTF-8"?>
<!-- Generated by org.testng.reporters.JUnitReportReporter -->
<testsuite hostname="ANIL" failures="0" tests="1" name="Testng.fb" time="0.379" errors="0" timestamp="2023-07-08T10:24:58 IST" skipped="0">
  <testcase classname="Testng.fb" name="enterlogindetails" time="0.379"/>
</testsuite> <!-- Testng.fb -->
