<?xml version="1.0" encoding="UTF-8"?>
<!-- Generated by org.testng.reporters.JUnitReportReporter -->
<testsuite hostname="ANIL" failures="0" tests="1" name="assertions.usingwebsite" time="0.195" errors="0" timestamp="2023-07-10T11:20:26 IST" skipped="0">
  <testcase classname="assertions.usingwebsite" name="enterdetails" time="0.195"/>
</testsuite> <!-- assertions.usingwebsite -->
