<?xml version="1.0" encoding="UTF-8"?>
<!-- Generated by org.testng.reporters.JUnitReportReporter -->
<testsuite hostname="ANIL" failures="0" tests="3" name="dependonmethod.demo" time="0.012" errors="0" timestamp="2023-07-09T16:52:03 IST" skipped="0">
  <testcase classname="dependonmethod.demo" name="b" time="0.003"/>
  <testcase classname="dependonmethod.demo" name="a" time="0.008"/>
  <testcase classname="dependonmethod.demo" name="c" time="0.001"/>
</testsuite> <!-- dependonmethod.demo -->
