<?xml version="1.0" encoding="UTF-8"?>
<!-- Generated by org.testng.reporters.JUnitReportReporter -->
<testsuite hostname="ANIL" failures="0" tests="1" name="parametrization.usingwebsite" time="14.618" errors="0" timestamp="2023-07-10T15:59:05 IST" skipped="0">
  <testcase classname="parametrization.usingwebsite" name="enterdetails" time="14.618"/>
</testsuite> <!-- parametrization.usingwebsite -->
