<?xml version="1.0" encoding="UTF-8"?>
<!-- Generated by org.testng.reporters.JUnitReportReporter -->
<testsuite hostname="ANIL" failures="0" tests="2" name="annotation.allanotations" time="0.019" errors="0" timestamp="2023-07-09T17:00:41 IST" skipped="0">
  <testcase classname="annotation.allanotations" name="e" time="0.015"/>
  <testcase classname="annotation.allanotations" name="j" time="0.004"/>
</testsuite> <!-- annotation.allanotations -->
