<?xml version="1.0" encoding="UTF-8"?>
<!-- Generated by org.testng.reporters.JUnitReportReporter -->
<testsuite hostname="ANIL" failures="0" tests="1" name="Testng.demo" time="0.021" errors="0" timestamp="2023-07-06T14:30:49 IST" skipped="0">
  <testcase classname="Testng.demo" name="run" time="0.021"/>
</testsuite> <!-- Testng.demo -->
