<?xml version="1.0" encoding="UTF-8"?>
<!-- Generated by org.testng.reporters.JUnitReportReporter -->
<testsuite hostname="ANIL" failures="0" tests="3" name="groups.demo3" time="0.011" errors="0" timestamp="2023-07-09T16:47:26 IST" skipped="1">
  <testcase classname="groups.demo3" name="x" time="0.003"/>
  <testcase classname="groups.demo3" name="z" time="0.008"/>
  <testcase classname="groups.demo3" name="y">
    <skipped/>
  </testcase> <!-- y -->
</testsuite> <!-- groups.demo3 -->
