<?xml version="1.0" encoding="UTF-8"?>
<!-- Generated by org.testng.reporters.JUnitReportReporter -->
<testsuite hostname="ANIL" failures="0" tests="3" name="groups.demo" time="0.008" errors="0" timestamp="2023-07-09T16:47:26 IST" skipped="0">
  <testcase classname="groups.demo" name="f" time="0.002"/>
  <testcase classname="groups.demo" name="g" time="0.002"/>
  <testcase classname="groups.demo" name="e" time="0.004"/>
</testsuite> <!-- groups.demo -->
