<?xml version="1.0" encoding="UTF-8"?>
<!-- Generated by org.testng.reporters.JUnitReportReporter -->
<testsuite hostname="ANIL" failures="0" tests="1" name="Com.Ecommerse.Testcases.brokenlinks" time="83.326" errors="0" timestamp="2023-07-25T12:59:31 IST" skipped="0">
  <testcase classname="Com.Ecommerse.Testcases.brokenlinks" name="printalllink" time="83.326"/>
</testsuite> <!-- Com.Ecommerse.Testcases.brokenlinks -->
