<?xml version="1.0" encoding="UTF-8"?>
<!-- Generated by org.testng.reporters.JUnitReportReporter -->
<testsuite hostname="ANIL" failures="0" tests="1" name="testclass_package.login_test_class" time="6.201" errors="0" timestamp="2023-07-29T16:49:51 IST" skipped="0">
  <testcase classname="testclass_package.login_test_class" name="login" time="6.201"/>
</testsuite> <!-- testclass_package.login_test_class -->
