<?xml version="1.0" encoding="UTF-8"?>
<!-- Generated by org.testng.reporters.JUnitReportReporter -->
<testsuite hostname="ANIL" failures="0" tests="1" name="testclass_package.briken_links" time="44.528" errors="0" timestamp="2023-07-29T16:34:13 IST" skipped="0">
  <testcase classname="testclass_package.briken_links" name="brokelink" time="44.528"/>
</testsuite> <!-- testclass_package.briken_links -->
