<?xml version="1.0" encoding="UTF-8"?>
<!-- Generated by org.testng.reporters.JUnitReportReporter -->
<testsuite hostname="ANIL" failures="0" tests="6" name="testclass_package.login_test_class_for_excel_data" time="26.655" errors="0" timestamp="2023-07-29T16:28:41 IST" skipped="0">
  <testcase classname="testclass_package.login_test_class_for_excel_data" name="login" time="2.861"/>
  <testcase classname="testclass_package.login_test_class_for_excel_data" name="login" time="5.008"/>
  <testcase classname="testclass_package.login_test_class_for_excel_data" name="login" time="3.218"/>
  <testcase classname="testclass_package.login_test_class_for_excel_data" name="login" time="3.886"/>
  <testcase classname="testclass_package.login_test_class_for_excel_data" name="login" time="7.347"/>
  <testcase classname="testclass_package.login_test_class_for_excel_data" name="login" time="4.335"/>
</testsuite> <!-- testclass_package.login_test_class_for_excel_data -->
