<?xml version="1.0" encoding="UTF-8"?>
<!-- Generated by org.testng.reporters.JUnitReportReporter -->
<testsuite hostname="ANIL" failures="0" tests="5" name="Com.Ecommerse.Testcases.login_test_class" time="114.878" errors="0" timestamp="2023-07-22T19:26:29 IST" skipped="0">
  <testcase classname="Com.Ecommerse.Testcases.login_test_class" name="log" time="21.829"/>
  <testcase classname="Com.Ecommerse.Testcases.login_test_class" name="log" time="23.586"/>
  <testcase classname="Com.Ecommerse.Testcases.login_test_class" name="log" time="21.390"/>
  <testcase classname="Com.Ecommerse.Testcases.login_test_class" name="log" time="25.620"/>
  <testcase classname="Com.Ecommerse.Testcases.login_test_class" name="log" time="22.453"/>
</testsuite> <!-- Com.Ecommerse.Testcases.login_test_class -->
