<?xml version="1.0" encoding="UTF-8"?>
<!-- Generated by org.testng.reporters.JUnitReportReporter -->
<testsuite hostname="ANIL" failures="0" tests="1" name="demo.test" time="0.015" errors="0" timestamp="2023-07-14T22:13:59 IST" skipped="0">
  <testcase classname="demo.test" name="m" time="0.015"/>
</testsuite> <!-- demo.test -->
