<?xml version="1.0" encoding="UTF-8"?>
<!-- Generated by org.testng.reporters.JUnitReportReporter -->
<testsuite hostname="ANIL" failures="0" tests="1" name="testng.facebook6" time="45.302" errors="0" timestamp="2023-07-15T16:05:06 IST" skipped="0">
  <testcase classname="testng.facebook6" name="loginpage" time="45.302"/>
</testsuite> <!-- testng.facebook6 -->
