<?xml version="1.0" encoding="UTF-8"?>
<!-- Generated by org.testng.reporters.JUnitReportReporter -->
<testsuite hostname="ANIL" failures="0" tests="5" name="testng.dp" time="7.791" errors="0" timestamp="2023-07-17T13:08:24 IST" skipped="0">
  <testcase classname="testng.dp" name="page" time="2.347"/>
  <testcase classname="testng.dp" name="page" time="1.464"/>
  <testcase classname="testng.dp" name="page" time="0.387"/>
  <testcase classname="testng.dp" name="page" time="1.911"/>
  <testcase classname="testng.dp" name="page" time="1.682"/>
</testsuite> <!-- testng.dp -->
